<?xml version="1.0" encoding="UTF-8"?>
<!-- Generated by org.testng.reporters.JUnitReportReporter -->
<testsuite hostname="NDI-LAP-105" failures="0" tests="1" name="testcases.locationTestCase" time="23.876" errors="0" timestamp="2022-09-28T23:17:06 IST" skipped="0">
  <testcase classname="testcases.locationTestCase" name="location" time="23.876"/>
  <system-out/>
</testsuite> <!-- testcases.locationTestCase -->
