<?xml version="1.0" encoding="UTF-8"?>
<!-- Generated by org.testng.reporters.JUnitReportReporter -->
<testsuite hostname="NDI-LAP-105" failures="0" tests="6" name="testCase.loginTestCase" time="127.102" errors="0" timestamp="2022-09-23T18:07:33 IST" skipped="0">
  <testcase classname="testCase.loginTestCase" name="addEmpDetails" time="34.010"/>
  <system-out/>
  <testcase classname="testCase.loginTestCase" name="addLocationDetails" time="42.045"/>
  <system-out/>
  <testcase classname="testCase.loginTestCase" name="searchLocationTest" time="5.219"/>
  <system-out/>
  <testcase classname="testCase.loginTestCase" name="employeeManagement" time="13.332"/>
  <system-out/>
  <testcase classname="testCase.loginTestCase" name="loginTest" time="27.373"/>
  <system-out/>
  <testcase classname="testCase.loginTestCase" name="clickAdd" time="5.123"/>
  <system-out/>
</testsuite> <!-- testCase.loginTestCase -->
