<?xml version="1.0" encoding="UTF-8"?>
<!-- Generated by org.testng.reporters.JUnitReportReporter -->
<testsuite hostname="NDI-LAP-035" failures="0" tests="2" name="testcases.EmployeeTestCase" time="15.543" errors="0" timestamp="2022-09-28T23:36:03 IST" skipped="0">
  <testcase classname="testcases.EmployeeTestCase" name="employee" time="15.019"/>
  <system-out/>
  <testcase classname="testcases.EmployeeTestCase" name="clearFiltersTest" time="0.524"/>
  <system-out/>
</testsuite> <!-- testcases.EmployeeTestCase -->
